TN:
SF:src/UniswapV2Factory.sol
FN:22,UniswapV2Factory.createPair
FNDA:19,UniswapV2Factory.createPair
DA:26,19
BRDA:26,0,0,1
BRDA:26,0,1,18
DA:28,18
DA:32,18
BRDA:32,1,0,2
BRDA:32,1,1,16
DA:34,16
BRDA:34,2,0,1
BRDA:34,2,1,15
DA:36,15
DA:37,15
DA:39,15
DA:42,15
DA:44,15
DA:45,15
DA:46,15
DA:48,15
FNF:1
FNH:1
LF:12
LH:12
BRF:6
BRH:6
end_of_record
TN:
SF:src/UniswapV2Library.sol
FN:13,UniswapV2Library.getReserves
FNDA:14,UniswapV2Library.getReserves
DA:18,24
DA:19,24
DA:22,24
FN:27,UniswapV2Library.quote
FNDA:9,UniswapV2Library.quote
DA:32,9
BRDA:32,0,0,-
BRDA:32,0,1,9
DA:33,9
BRDA:33,1,0,-
BRDA:33,1,1,9
DA:35,9
FN:38,UniswapV2Library.sortTokens
FNDA:75,UniswapV2Library.sortTokens
DA:43,75
FN:46,UniswapV2Library.pairFor
FNDA:47,UniswapV2Library.pairFor
DA:51,47
DA:52,47
FN:68,UniswapV2Library.getAmountOut
FNDA:4,UniswapV2Library.getAmountOut
DA:73,9
BRDA:73,2,0,1
BRDA:73,2,1,8
DA:74,8
BRDA:74,3,0,2
BRDA:74,3,1,6
DA:76,6
DA:77,6
DA:78,6
DA:80,6
FN:83,UniswapV2Library.getAmountsOut
FNDA:3,UniswapV2Library.getAmountsOut
DA:88,3
BRDA:88,4,0,1
BRDA:88,4,1,2
DA:89,2
DA:90,2
DA:92,2
DA:93,5
DA:98,5
DA:101,2
FN:104,UniswapV2Library.getAmountIn
FNDA:4,UniswapV2Library.getAmountIn
DA:109,9
BRDA:109,5,0,1
BRDA:109,5,1,8
DA:110,8
BRDA:110,6,0,2
BRDA:110,6,1,6
DA:112,6
DA:113,6
DA:115,6
FN:118,UniswapV2Library.getAmountsIn
FNDA:3,UniswapV2Library.getAmountsIn
DA:123,3
BRDA:123,7,0,1
BRDA:123,7,1,2
DA:124,2
DA:125,2
DA:127,2
DA:128,5
DA:133,5
DA:136,2
FNF:8
FNH:8
LF:34
LH:34
BRF:16
BRH:14
end_of_record
TN:
SF:src/UniswapV2Pair.sol
FN:68,UniswapV2Pair.initialize
FNDA:15,UniswapV2Pair.initialize
DA:69,15
BRDA:69,0,0,-
BRDA:69,0,1,15
DA:70,0
DA:72,15
DA:73,15
FN:76,UniswapV2Pair.mint
FNDA:46,UniswapV2Pair.mint
DA:77,46
DA:78,46
DA:79,46
DA:80,46
DA:81,46
DA:83,46
BRDA:83,1,0,39
BRDA:83,1,1,7
DA:84,39
DA:85,38
DA:87,7
DA:93,45
BRDA:93,2,0,1
BRDA:93,2,1,44
DA:95,44
DA:97,44
DA:99,44
FN:102,UniswapV2Pair.burn
FNDA:10,UniswapV2Pair.burn
DA:106,10
DA:107,10
DA:108,10
DA:110,10
DA:111,9
DA:113,9
BRDA:113,3,0,1
BRDA:113,3,1,8
DA:115,8
DA:117,8
DA:118,8
DA:120,8
DA:121,8
DA:123,8
DA:124,8
DA:126,8
FN:129,UniswapV2Pair.swap
FNDA:13,UniswapV2Pair.swap
DA:135,13
BRDA:135,4,0,1
BRDA:135,4,1,12
DA:136,1
DA:138,12
DA:140,12
BRDA:140,5,0,2
BRDA:140,5,1,10
DA:141,2
DA:143,10
BRDA:143,6,0,4
BRDA:143,6,1,10
DA:144,10
BRDA:144,7,0,7
BRDA:144,7,1,10
DA:145,10
BRDA:145,8,0,-
BRDA:145,8,1,-
DA:146,0
DA:153,10
DA:154,10
DA:156,10
DA:159,10
DA:163,10
BRDA:163,9,0,-
BRDA:163,9,1,10
DA:166,10
DA:167,10
DA:170,10
BRDA:169,10,0,2
BRDA:169,10,1,8
DA:172,2
DA:174,8
DA:176,8
FN:179,UniswapV2Pair.sync
FNDA:7,UniswapV2Pair.sync
DA:180,7
DA:181,7
FN:189,UniswapV2Pair.getReserves
FNDA:47,UniswapV2Pair.getReserves
DA:198,120
FN:202,UniswapV2Pair._update
FNDA:67,UniswapV2Pair._update
DA:208,67
BRDA:208,11,0,-
BRDA:208,11,1,67
DA:209,0
DA:212,67
DA:214,67
BRDA:214,12,0,7
BRDA:214,12,1,67
DA:215,7
DA:218,7
DA:224,67
DA:225,67
DA:226,67
DA:228,67
FN:231,UniswapV2Pair._safeTransfer
FNDA:27,UniswapV2Pair._safeTransfer
DA:236,27
DA:239,27
BRDA:239,13,0,-
BRDA:239,13,1,27
DA:240,0
FNF:8
FNH:8
LF:67
LH:63
BRF:28
BRH:22
end_of_record
TN:
SF:src/UniswapV2Router.sol
FN:21,UniswapV2Router.addLiquidity
FNDA:13,UniswapV2Router.addLiquidity
DA:37,13
BRDA:37,0,0,-
BRDA:37,0,1,9
DA:38,9
DA:41,13
DA:49,11
DA:54,11
DA:55,11
DA:56,11
FN:59,UniswapV2Router.removeLiquidity
FNDA:4,UniswapV2Router.removeLiquidity
DA:67,4
DA:72,4
DA:73,4
DA:74,4
BRDA:74,1,0,1
BRDA:74,1,1,3
DA:75,3
BRDA:75,2,0,1
BRDA:75,2,1,2
FN:78,UniswapV2Router.swapExactTokensForTokens
FNDA:1,UniswapV2Router.swapExactTokensForTokens
DA:84,1
DA:89,1
BRDA:89,3,0,-
BRDA:89,3,1,1
DA:90,0
DA:91,1
DA:97,1
FN:100,UniswapV2Router.swapTokensForExactTokens
FNDA:1,UniswapV2Router.swapTokensForExactTokens
DA:106,1
DA:111,1
BRDA:111,4,0,-
BRDA:111,4,1,1
DA:112,0
DA:113,1
DA:119,1
FN:123,UniswapV2Router._swap
FNDA:2,UniswapV2Router._swap
DA:128,2
DA:129,4
DA:130,4
DA:131,4
DA:132,4
DA:135,4
DA:142,4
FN:148,UniswapV2Router._calculateLiquidity
FNDA:13,UniswapV2Router._calculateLiquidity
DA:156,13
DA:162,13
BRDA:162,5,0,9
BRDA:162,5,1,4
DA:163,9
DA:165,4
DA:170,4
BRDA:170,6,0,1
BRDA:170,6,1,1
DA:171,2
BRDA:171,7,0,1
BRDA:171,7,1,1
DA:172,1
DA:174,2
DA:179,2
BRDA:179,8,0,-
BRDA:179,8,1,2
DA:181,2
BRDA:181,9,0,1
BRDA:181,9,1,1
DA:182,1
FN:187,UniswapV2Router._safeTransferFrom
FNDA:24,UniswapV2Router._safeTransferFrom
DA:193,24
DA:201,24
BRDA:201,10,0,-
BRDA:201,10,1,24
DA:202,0
FNF:7
FNH:7
LF:43
LH:40
BRF:22
BRH:17
end_of_record
TN:
SF:src/libraries/Math.sol
FN:5,Math.min
FNDA:7,Math.min
DA:6,7
FN:10,Math.sqrt
FNDA:39,Math.sqrt
DA:11,39
BRDA:11,0,0,2424
BRDA:11,0,1,38
DA:12,38
DA:13,38
DA:14,2462
DA:15,2424
DA:16,2424
DA:18,1
BRDA:18,1,0,-
BRDA:18,1,1,1
DA:19,0
FNF:2
FNH:2
LF:9
LH:8
BRF:4
BRH:3
end_of_record
TN:
SF:src/libraries/UQ112x112.sol
FN:7,UQ112x112.encode
FNDA:0,UQ112x112.encode
DA:8,0
FN:11,UQ112x112.uqdiv
FNDA:0,UQ112x112.uqdiv
DA:12,0
FNF:2
FNH:0
LF:2
LH:0
BRF:0
BRH:0
end_of_record
TN:
SF:test/UniswapV2Pair.t.sol
FN:500,TestUser.provideLiquidity
FNDA:1,TestUser.provideLiquidity
DA:507,1
DA:508,1
DA:510,1
FN:513,TestUser.removeLiquidity
FNDA:1,TestUser.removeLiquidity
DA:514,1
DA:515,1
DA:516,1
FN:525,Flashloaner.flashloan
FNDA:0,Flashloaner.flashloan
DA:531,0
BRDA:531,0,0,-
BRDA:531,0,1,-
DA:532,0
DA:534,0
BRDA:534,1,0,-
BRDA:534,1,1,-
DA:535,0
DA:538,0
FNF:3
FNH:2
LF:11
LH:6
BRF:4
BRH:0
end_of_record
TN:
SF:test/mocks/ERC20Mintable.sol
FN:11,ERC20Mintable.mint
FNDA:0,ERC20Mintable.mint
DA:12,0
FNF:1
FNH:0
LF:1
LH:0
BRF:0
BRH:0
end_of_record
